<?xml version="1.0" encoding="UTF-8"?>
<!-- Generated by org.testng.reporters.JUnitReportReporter -->
<testsuite hostname="LAPTOP-DVBK1UDH" failures="0" tests="1" name="testCases.EnterText" time="3.914" errors="0" timestamp="2022-11-04T12:49:09 IST" skipped="0">
  <testcase classname="testCases.EnterText" name="test1" time="3.914"/>
  <system-out/>
</testsuite> <!-- testCases.EnterText -->
