<?xml version="1.0" encoding="UTF-8"?>
<!-- Generated by org.testng.reporters.JUnitReportReporter -->
<testsuite hostname="LAPTOP-DVBK1UDH" failures="0" tests="2" name="testCases.FirstTestNGScript" time="0.012" errors="0" timestamp="2022-11-04T13:07:04 IST" skipped="0">
  <testcase classname="testCases.FirstTestNGScript" name="bmethod" time="0.002"/>
  <system-out/>
  <testcase classname="testCases.FirstTestNGScript" name="amethod" time="0.010"/>
  <system-out/>
</testsuite> <!-- testCases.FirstTestNGScript -->
