<?xml version="1.0" encoding="UTF-8"?>
<!-- Generated by org.testng.reporters.JUnitReportReporter -->
<testsuite hostname="LAPTOP-DVBK1UDH" failures="0" tests="1" name="testCases.PracticeTestngExercise" time="4.334" errors="0" timestamp="2022-11-04T13:07:04 IST" skipped="0">
  <testcase classname="testCases.PracticeTestngExercise" name="enterCreds" time="4.334"/>
  <system-out/>
</testsuite> <!-- testCases.PracticeTestngExercise -->
