<?xml version="1.0" encoding="UTF-8"?>
<!-- Generated by org.testng.reporters.JUnitReportReporter -->
<testsuite hostname="LAPTOP-DVBK1UDH" failures="0" tests="1" name="testCases.SecondTestNGScript" time="0.001" errors="0" timestamp="2022-11-04T13:07:04 IST" skipped="0">
  <testcase classname="testCases.SecondTestNGScript" name="amethod" time="0.001"/>
  <system-out/>
</testsuite> <!-- testCases.SecondTestNGScript -->
